#
# A fatal error has been detected by the Java Runtime Environment:
#
#  SIGSEGV (0xb) at pc=0x000000010f363a3e, pid=8827, tid=1811
#
# JRE version: Java(TM) SE Runtime Environment (8.0_25-b17) (build 1.8.0_25-b17)
# Java VM: Java HotSpot(TM) 64-Bit Server VM (25.25-b02 mixed mode bsd-amd64 compressed oops)
# Problematic frame:
# V  [libjvm.dylib+0x163a3e]
#
# Failed to write core dump. Core dumps have been disabled. To enable core dumping, try "ulimit -c unlimited" before starting Java again
#
# If you would like to submit a bug report, please visit:
#   http://bugreport.sun.com/bugreport/crash.jsp
#

---------------  T H R E A D  ---------------

Current thread is native thread

siginfo: si_signo: 11 (SIGSEGV), si_code: 1 (SEGV_MAPERR), si_addr: 0x0000000000000260

Registers:
RAX=0x0000000000000000, RBX=0x0000000000000000, RCX=0x000000010f4f941a, RDX=0x00007fc1b393f9e8
RSP=0x00007fff51359990, RBP=0x00007fff513599a0, RSI=0x0000000000000006, RDI=0x00007fff513599e0
R8 =0x0000000000000280, R9 =0x0000000000000000, R10=0x00007fc1b4dc52c0, R11=0x00000001262c8b58
R12=0x00007fc1b393f9e8, R13=0x00007fc1b4ee39c0, R14=0x00007fc1b393f9e8, R15=0x0000000000000000
RIP=0x000000010f363a3e, EFLAGS=0x0000000000010246, ERR=0x0000000000000006
  TRAPNO=0x000000000000000e

Top of Stack: (sp=0x00007fff51359990)
0x00007fff51359990:   00007fc1b4f7f690 00007fc1b393f9e8
0x00007fff513599a0:   00007fff51359a00 000000010f4f944a
0x00007fff513599b0:   00007fff77375070 0000000000000000
0x00007fff513599c0:   00007fc1b82a0e00 00007fc1b4ee3070
0x00007fff513599d0:   00007fff51359a00 000000012a084769
0x00007fff513599e0:   0000000000000000 00007fc1b4ea7460
0x00007fff513599f0:   00007fc1b82a0e00 00007fc1b4ee3070
0x00007fff51359a00:   00007fff51359a60 000000013667f0da
0x00007fff51359a10:   00007fff77375070 0000000000000000
0x00007fff51359a20:   40c31ca8e4869d13 0000000000000004
0x00007fff51359a30:   00007fff51359a60 00007fff952930c0
0x00007fff51359a40:   0000000000000000 00007fc1b4ee39c0
0x00007fff51359a50:   00007fc1b4ee3070 0000000000000004
0x00007fff51359a60:   00007fff51359ad0 00007fff9511660f
0x00007fff51359a70:   00007fff51359ab0 000000010e9fbbe0
0x00007fff51359a80:   0000000000000000 00007fc1b82a0e00
0x00007fff51359a90:   00007fc1b4ee3070 0000000000000000
0x00007fff51359aa0:   40c31ca8e4869d13 00007fc1b4ee3070
0x00007fff51359ab0:   00007fff952930c0 0000000000000018
0x00007fff51359ac0:   0000000000000004 0000000000000000
0x00007fff51359ad0:   00007fff51359b50 00007fff951161d9
0x00007fff51359ae0:   0000000000000002 4000000000000000
0x00007fff51359af0:   4074000000000000 406e000000000000
0x00007fff51359b00:   0000000000000000 0000000000000000
0x00007fff51359b10:   4074000000000000 406e000000000000
0x00007fff51359b20:   0000000000000002 00007fff51359c30
0x00007fff51359b30:   000000012a2e53e8 00007fff8a20a119
0x00007fff51359b40:   0000000000000001 000000012a2e5340
0x00007fff51359b50:   00007fff5135ac30 00007fff950c9641
0x00007fff51359b60:   00007fff5135ac30 00007fff950c9503
0x00007fff51359b70:   00007fff5135ac30 00007fff950c8f9a
0x00007fff51359b80:   000000012a2e53e8 000000012a2e53e8 

Instructions: (pc=0x000000010f363a3e)
0x000000010f363a1e:   0e 48 8b 0b 49 8b 56 18 48 63 c0 48 89 0c c2 5b
0x000000010f363a2e:   41 5e 5d c3 90 90 55 48 89 e5 41 56 53 48 8b 1f
0x000000010f363a3e:   c7 83 60 02 00 00 05 00 00 00 48 8d 05 e9 8e 73
0x000000010f363a4e:   00 8b 00 83 f8 01 41 89 f6 7f 0c 48 8d 0d 06 0b 

Register to memory mapping:

RAX=0x0000000000000000 is an unknown value
RBX=0x0000000000000000 is an unknown value
RCX=0x000000010f4f941a: jni_NewLocalRef+0 in /Library/Java/JavaVirtualMachines/jdk1.8.0_25.jdk/Contents/Home/jre/lib/server/libjvm.dylib at 0x000000010f200000
RDX=0x00007fc1b393f9e8 is an unknown value
RSP=0x00007fff51359990 is an unknown value
RBP=0x00007fff513599a0 is an unknown value
RSI=0x0000000000000006 is an unknown value
RDI=0x00007fff513599e0 is an unknown value
R8 =0x0000000000000280 is an unknown value
R9 =0x0000000000000000 is an unknown value
R10=0x00007fc1b4dc52c0 is an unknown value
R11=0x00000001262c8b58: OBJC_CLASS_$_JNFJObjectWrapper+0 in /System/Library/Frameworks/JavaVM.framework/Versions/A/Frameworks/JavaNativeFoundation.framework/Versions/A/JavaNativeFoundation at 0x00000001262bc000
R12=0x00007fc1b393f9e8 is an unknown value
R13=0x00007fc1b4ee39c0 is an unknown value
R14=0x00007fc1b393f9e8 is an unknown value
R15=0x0000000000000000 is an unknown value


Stack: [0x00007fff50b5e000,0x00007fff5135e000],  sp=0x00007fff51359990,  free space=8174k
Native frames: (J=compiled Java code, j=interpreted, Vv=VM code, C=native code)
V  [libjvm.dylib+0x163a3e]
V  [libjvm.dylib+0x2f944a]
C  [libawt_lwawt.dylib+0x1a0da]  -[CGLLayer drawInCGLContext:pixelFormat:forLayerTime:displayTime:]+0xee
C  [QuartzCore+0x6160f]  _ZL17CAOpenGLLayerDrawP13CAOpenGLLayerdPK11CVTimeStampj+0x2b6
C  [QuartzCore+0x611d9]  -[CAOpenGLLayer _display]+0x183
C  [QuartzCore+0x14641]  _ZN2CA5Layer17display_if_neededEPNS_11TransactionE+0x25b
C  [QuartzCore+0x13d7d]  _ZN2CA5Layer28layout_and_display_if_neededEPNS_11TransactionE+0x23
C  [QuartzCore+0x1350e]  _ZN2CA7Context18commit_transactionEPNS_11TransactionE+0xf2
C  [QuartzCore+0x13164]  _ZN2CA11Transaction6commitEv+0x186
C  [QuartzCore+0x23f55]  _ZN2CA11Transaction17observer_callbackEP19__CFRunLoopObservermPv+0x47
C  [CoreFoundation+0x7fd87]  __CFRUNLOOP_IS_CALLING_OUT_TO_AN_OBSERVER_CALLBACK_FUNCTION__+0x17
C  [CoreFoundation+0x7fce0]  __CFRunLoopDoObservers+0x170
C  [CoreFoundation+0x71f1a]  __CFRunLoopRun+0x49a
C  [CoreFoundation+0x71838]  CFRunLoopRunSpecific+0x128
C  [java+0x56cc]  CreateExecutionEnvironment+0x367
C  [java+0x165c]  JLI_Launch+0x7a0
C  [java+0x768a]  main+0x65
C  [java+0xeb4]  start+0x34


---------------  P R O C E S S  ---------------

VM state:not at safepoint (normal execution)

VM Mutex/Monitor currently owned by a thread: None

Heap:
 PSYoungGen      total 221696K, used 80671K [0x0000000795580000, 0x00000007a5300000, 0x00000007c0000000)
  eden space 214528K, 35% used [0x0000000795580000,0x0000000799f2db68,0x00000007a2700000)
  from space 7168K, 72% used [0x00000007a4c00000,0x00000007a511a378,0x00000007a5300000)
  to   space 22528K, 0% used [0x00000007a2700000,0x00000007a2700000,0x00000007a3d00000)
 ParOldGen       total 130048K, used 48373K [0x0000000740000000, 0x0000000747f00000, 0x0000000795580000)
  object space 130048K, 37% used [0x0000000740000000,0x0000000742f3d6a0,0x0000000747f00000)
 Metaspace       used 41920K, capacity 43550K, committed 43736K, reserved 1087488K
  class space    used 5515K, capacity 5788K, committed 5888K, reserved 1048576K

Card table byte_map: [0x000000011f5f0000,0x000000011f9f1000] byte_map_base: 0x000000011bbf0000

Marking Bits: (ParMarkBitMap*) 0x000000010fa9d390
 Begin Bits: [0x00000001200a8000, 0x00000001220a8000)
 End Bits:   [0x00000001220a8000, 0x00000001240a8000)

Polling page: 0x000000010e9f9000

CodeCache: size=245760Kb used=15477Kb max_used=15477Kb free=230282Kb
 bounds [0x0000000110230000, 0x0000000111170000, 0x000000011f230000]
 total_blobs=6429 nmethods=5539 adapters=803
 compilation: enabled

Compilation events (10 events):
Event: 19.129 Thread 0x00007fc1b3865800 nmethod 6653 0x0000000111161c50 code [0x0000000111161de0, 0x0000000111162288]
Event: 19.129 Thread 0x00007fc1b3865800 6670       3       javafx.scene.text.Text::getText (23 bytes)
Event: 19.129 Thread 0x00007fc1b3865800 nmethod 6670 0x0000000111162410 code [0x00000001111625a0, 0x0000000111162908]
Event: 19.129 Thread 0x00007fc1b3865800 6671       3       javafx.scene.text.Text::getTextInternal (16 bytes)
Event: 19.129 Thread 0x00007fc1b3865800 nmethod 6671 0x00000001111629d0 code [0x0000000111162b60, 0x0000000111163008]
Event: 19.129 Thread 0x00007fc1b3865800 6647       3       javafx.scene.control.Labeled::lineSpacingProperty (25 bytes)
Event: 19.130 Thread 0x00007fc1b3865800 nmethod 6647 0x0000000111163150 code [0x00000001111632e0, 0x0000000111163648]
Event: 19.132 Thread 0x00007fc1b2813000 nmethod 6672 0x0000000111166990 code [0x0000000111166b40, 0x0000000111167108]
Event: 19.137 Thread 0x00007fc1b3865800 6675       3       java.lang.invoke.InnerClassLambdaMetafactory::generateFactory (135 bytes)
Event: 19.139 Thread 0x00007fc1b3865800 nmethod 6675 0x00000001111675d0 code [0x0000000111167960, 0x0000000111169768]

GC Heap History (10 events):
Event: 3.881 GC heap before
{Heap before GC invocations=10 (full 1):
 PSYoungGen      total 131584K, used 128999K [0x0000000795580000, 0x000000079f200000, 0x00000007c0000000)
  eden space 112640K, 100% used [0x0000000795580000,0x000000079c380000,0x000000079c380000)
  from space 18944K, 86% used [0x000000079d800000,0x000000079e7f9de8,0x000000079ea80000)
  to   space 20992K, 0% used [0x000000079c380000,0x000000079c380000,0x000000079d800000)
 ParOldGen       total 66560K, used 30486K [0x0000000740000000, 0x0000000744100000, 0x0000000795580000)
  object space 66560K, 45% used [0x0000000740000000,0x0000000741dc5ad0,0x0000000744100000)
 Metaspace       used 32614K, capacity 34046K, committed 34304K, reserved 1079296K
  class space    used 4515K, capacity 4764K, committed 4864K, reserved 1048576K
Event: 3.904 GC heap after
Heap after GC invocations=10 (full 1):
 PSYoungGen      total 133632K, used 19809K [0x0000000795580000, 0x00000007a1f80000, 0x00000007c0000000)
  eden space 112640K, 0% used [0x0000000795580000,0x0000000795580000,0x000000079c380000)
  from space 20992K, 94% used [0x000000079c380000,0x000000079d6d8528,0x000000079d800000)
  to   space 23040K, 0% used [0x00000007a0900000,0x00000007a0900000,0x00000007a1f80000)
 ParOldGen       total 66560K, used 34590K [0x0000000740000000, 0x0000000744100000, 0x0000000795580000)
  object space 66560K, 51% used [0x0000000740000000,0x00000007421c7bf8,0x0000000744100000)
 Metaspace       used 32614K, capacity 34046K, committed 34304K, reserved 1079296K
  class space    used 4515K, capacity 4764K, committed 4864K, reserved 1048576K
}
Event: 4.215 GC heap before
{Heap before GC invocations=11 (full 1):
 PSYoungGen      total 133632K, used 132449K [0x0000000795580000, 0x00000007a1f80000, 0x00000007c0000000)
  eden space 112640K, 100% used [0x0000000795580000,0x000000079c380000,0x000000079c380000)
  from space 20992K, 94% used [0x000000079c380000,0x000000079d6d8528,0x000000079d800000)
  to   space 23040K, 0% used [0x00000007a0900000,0x00000007a0900000,0x00000007a1f80000)
 ParOldGen       total 66560K, used 34590K [0x0000000740000000, 0x0000000744100000, 0x0000000795580000)
  object space 66560K, 51% used [0x0000000740000000,0x00000007421c7bf8,0x0000000744100000)
 Metaspace       used 33099K, capacity 34500K, committed 34816K, reserved 1079296K
  class space    used 4564K, capacity 4829K, committed 4864K, reserved 1048576K
Event: 4.242 GC heap after
Heap after GC invocations=11 (full 1):
 PSYoungGen      total 183808K, used 11366K [0x0000000795580000, 0x00000007a1e80000, 0x00000007c0000000)
  eden space 161792K, 0% used [0x0000000795580000,0x0000000795580000,0x000000079f380000)
  from space 22016K, 51% used [0x00000007a0900000,0x00000007a1419b48,0x00000007a1e80000)
  to   space 22016K, 0% used [0x000000079f380000,0x000000079f380000,0x00000007a0900000)
 ParOldGen       total 66560K, used 45948K [0x0000000740000000, 0x0000000744100000, 0x0000000795580000)
  object space 66560K, 69% used [0x0000000740000000,0x0000000742cdf108,0x0000000744100000)
 Metaspace       used 33099K, capacity 34500K, committed 34816K, reserved 1079296K
  class space    used 4564K, capacity 4829K, committed 4864K, reserved 1048576K
}
Event: 4.809 GC heap before
{Heap before GC invocations=12 (full 1):
 PSYoungGen      total 183808K, used 128483K [0x0000000795580000, 0x00000007a1e80000, 0x00000007c0000000)
  eden space 161792K, 72% used [0x0000000795580000,0x000000079c7df130,0x000000079f380000)
  from space 22016K, 51% used [0x00000007a0900000,0x00000007a1419b48,0x00000007a1e80000)
  to   space 22016K, 0% used [0x000000079f380000,0x000000079f380000,0x00000007a0900000)
 ParOldGen       total 66560K, used 45948K [0x0000000740000000, 0x0000000744100000, 0x0000000795580000)
  object space 66560K, 69% used [0x0000000740000000,0x0000000742cdf108,0x0000000744100000)
 Metaspace       used 33822K, capacity 35408K, committed 35672K, reserved 1079296K
  class space    used 4638K, capacity 4927K, committed 4992K, reserved 1048576K
Event: 4.828 GC heap after
Heap after GC invocations=12 (full 1):
 PSYoungGen      total 183808K, used 3331K [0x0000000795580000, 0x00000007a6200000, 0x00000007c0000000)
  eden space 161792K, 0% used [0x0000000795580000,0x0000000795580000,0x000000079f380000)
  from space 22016K, 15% used [0x000000079f380000,0x000000079f6c0e20,0x00000007a0900000)
  to   space 22528K, 0% used [0x00000007a4c00000,0x00000007a4c00000,0x00000007a6200000)
 ParOldGen       total 66560K, used 56463K [0x0000000740000000, 0x0000000744100000, 0x0000000795580000)
  object space 66560K, 84% used [0x0000000740000000,0x0000000743723ed0,0x0000000744100000)
 Metaspace       used 33822K, capacity 35408K, committed 35672K, reserved 1079296K
  class space    used 4638K, capacity 4927K, committed 4992K, reserved 1048576K
}
Event: 4.828 GC heap before
{Heap before GC invocations=13 (full 2):
 PSYoungGen      total 183808K, used 3331K [0x0000000795580000, 0x00000007a6200000, 0x00000007c0000000)
  eden space 161792K, 0% used [0x0000000795580000,0x0000000795580000,0x000000079f380000)
  from space 22016K, 15% used [0x000000079f380000,0x000000079f6c0e20,0x00000007a0900000)
  to   space 22528K, 0% used [0x00000007a4c00000,0x00000007a4c00000,0x00000007a6200000)
 ParOldGen       total 66560K, used 56463K [0x0000000740000000, 0x0000000744100000, 0x0000000795580000)
  object space 66560K, 84% used [0x0000000740000000,0x0000000743723ed0,0x0000000744100000)
 Metaspace       used 33822K, capacity 35408K, committed 35672K, reserved 1079296K
  class space    used 4638K, capacity 4927K, committed 4992K, reserved 1048576K
Event: 4.982 GC heap after
Heap after GC invocations=13 (full 2):
 PSYoungGen      total 183808K, used 0K [0x0000000795580000, 0x00000007a6200000, 0x00000007c0000000)
  eden space 161792K, 0% used [0x0000000795580000,0x0000000795580000,0x000000079f380000)
  from space 22016K, 0% used [0x000000079f380000,0x000000079f380000,0x00000007a0900000)
  to   space 22528K, 0% used [0x00000007a4c00000,0x00000007a4c00000,0x00000007a6200000)
 ParOldGen       total 130048K, used 48365K [0x0000000740000000, 0x0000000747f00000, 0x0000000795580000)
  object space 130048K, 37% used [0x0000000740000000,0x0000000742f3b6a0,0x0000000747f00000)
 Metaspace       used 33801K, capacity 35360K, committed 35672K, reserved 1079296K
  class space    used 4634K, capacity 4919K, committed 4992K, reserved 1048576K
}
Event: 16.607 GC heap before
{Heap before GC invocations=14 (full 2):
 PSYoungGen      total 183808K, used 160854K [0x0000000795580000, 0x00000007a6200000, 0x00000007c0000000)
  eden space 161792K, 99% used [0x0000000795580000,0x000000079f295938,0x000000079f380000)
  from space 22016K, 0% used [0x000000079f380000,0x000000079f380000,0x00000007a0900000)
  to   space 22528K, 0% used [0x00000007a4c00000,0x00000007a4c00000,0x00000007a6200000)
 ParOldGen       total 130048K, used 48365K [0x0000000740000000, 0x0000000747f00000, 0x0000000795580000)
  object space 130048K, 37% used [0x0000000740000000,0x0000000742f3b6a0,0x0000000747f00000)
 Metaspace       used 41368K, capacity 42878K, committed 43096K, reserved 1087488K
  class space    used 5459K, capacity 5744K, committed 5760K, reserved 1048576K
Event: 16.619 GC heap after
Heap after GC invocations=14 (full 2):
 PSYoungGen      total 221696K, used 5224K [0x0000000795580000, 0x00000007a5300000, 0x00000007c0000000)
  eden space 214528K, 0% used [0x0000000795580000,0x0000000795580000,0x00000007a2700000)
  from space 7168K, 72% used [0x00000007a4c00000,0x00000007a511a378,0x00000007a5300000)
  to   space 22528K, 0% used [0x00000007a2700000,0x00000007a2700000,0x00000007a3d00000)
 ParOldGen       total 130048K, used 48373K [0x0000000740000000, 0x0000000747f00000, 0x0000000795580000)
  object space 130048K, 37% used [0x0000000740000000,0x0000000742f3d6a0,0x0000000747f00000)
 Metaspace       used 41368K, capacity 42878K, committed 43096K, reserved 1087488K
  class space    used 5459K, capacity 5744K, committed 5760K, reserved 1048576K
}

Deoptimization events (10 events):
Event: 9.891 Thread 0x00007fc1b3947000 Uncommon trap: reason=unreached action=reinterpret pc=0x0000000110f943d8 method=java.awt.image.ComponentSampleModel.getDataElements(IILjava/lang/Object;Ljava/awt/image/DataBuffer;)Ljava/lang/Object; @ 101
Event: 16.628 Thread 0x00007fc1b7904800 Uncommon trap: reason=null_check action=make_not_entrant pc=0x00000001110466b4 method=sun.java2d.opengl.OGLGeneralBlit.Blit(Lsun/java2d/SurfaceData;Lsun/java2d/SurfaceData;Ljava/awt/Composite;Lsun/java2d/pipe/Region;IIIIII)V @ 32
Event: 16.629 Thread 0x00007fc1b7904800 Uncommon trap: reason=unreached action=reinterpret pc=0x0000000111033674 method=sun.java2d.loops.GraphicsPrimitive.convertFrom(Lsun/java2d/loops/Blit;Lsun/java2d/SurfaceData;IIIILsun/java2d/SurfaceData;I)Lsun/java2d/SurfaceData; @ 2
Event: 16.630 Thread 0x00007fc1b7904800 Uncommon trap: reason=unreached action=reinterpret pc=0x0000000111061640 method=sun.java2d.pipe.BufferedContext.validate(Lsun/java2d/pipe/hw/AccelSurface;Lsun/java2d/pipe/hw/AccelSurface;Lsun/java2d/pipe/Region;Ljava/awt/Composite;Ljava/awt/geom/AffineTra
Event: 18.237 Thread 0x00007fc1b41d7000 Uncommon trap: reason=unloaded action=reinterpret pc=0x0000000110a423c8 method=java.nio.Buffer.nextGetIndex()I @ 11
Event: 18.350 Thread 0x00007fc1b8392800 Uncommon trap: reason=unloaded action=reinterpret pc=0x0000000110f6c938 method=java.nio.Buffer.nextGetIndex()I @ 11
Event: 19.002 Thread 0x00007fc1b3947000 Uncommon trap: reason=unloaded action=reinterpret pc=0x0000000110bffaac method=com.google.zxing.qrcode.detector.FinderPatternFinder.find(Ljava/util/Map;)Lcom/google/zxing/qrcode/detector/FinderPatternInfo; @ 463
Event: 19.124 Thread 0x00007fc1b393f800 Uncommon trap: reason=bimorphic action=maybe_recompile pc=0x000000011052aaf4 method=java.util.AbstractCollection.toArray()[Ljava/lang/Object; @ 52
Event: 19.124 Thread 0x00007fc1b393f800 Uncommon trap: reason=unreached action=reinterpret pc=0x00000001105ef110 method=java.util.HashMap.clear()V @ 16
Event: 19.133 Thread 0x00007fc1b393f800 Uncommon trap: reason=unreached action=reinterpret pc=0x0000000110cb6110 method=java.util.HashMap.clear()V @ 16

Internal exceptions (10 events):
Event: 19.020 Thread 0x00007fc1b3947000 Exception <a 'java/security/PrivilegedActionException'> (0x00000007999b0748) thrown at [/HUDSON3/workspace/8-2-build-macosx-x86_64/jdk8u25/1514/hotspot/src/share/vm/prims/jvm.cpp, line 1312]
Event: 19.021 Thread 0x00007fc1b3947000 Exception <a 'java/security/PrivilegedActionException'> (0x00000007999b5130) thrown at [/HUDSON3/workspace/8-2-build-macosx-x86_64/jdk8u25/1514/hotspot/src/share/vm/prims/jvm.cpp, line 1312]
Event: 19.021 Thread 0x00007fc1b3947000 Exception <a 'java/security/PrivilegedActionException'> (0x00000007999bb3b8) thrown at [/HUDSON3/workspace/8-2-build-macosx-x86_64/jdk8u25/1514/hotspot/src/share/vm/prims/jvm.cpp, line 1312]
Event: 19.022 Thread 0x00007fc1b3947000 Exception <a 'java/security/PrivilegedActionException'> (0x00000007999c0a98) thrown at [/HUDSON3/workspace/8-2-build-macosx-x86_64/jdk8u25/1514/hotspot/src/share/vm/prims/jvm.cpp, line 1312]
Event: 19.023 Thread 0x00007fc1b3947000 Exception <a 'java/security/PrivilegedActionException'> (0x00000007999c6350) thrown at [/HUDSON3/workspace/8-2-build-macosx-x86_64/jdk8u25/1514/hotspot/src/share/vm/prims/jvm.cpp, line 1312]
Event: 19.074 Thread 0x00007fc1b338a800 Exception <a 'java/lang/InterruptedException': sleep interrupted> (0x0000000797c71e10) thrown at [/HUDSON3/workspace/8-2-build-macosx-x86_64/jdk8u25/1514/hotspot/src/share/vm/prims/jvm.cpp, line 3141]
Event: 19.116 Thread 0x00007fc1b393f800 Exception <a 'java/lang/NumberFormatException'> (0x0000000799ba1c18) thrown at [/HUDSON3/workspace/8-2-build-macosx-x86_64/jdk8u25/1514/hotspot/src/share/vm/prims/jvm.cpp, line 1316]
Event: 19.117 Thread 0x00007fc1b393f800 Exception <a 'java/security/PrivilegedActionException'> (0x0000000799ba33a0) thrown at [/HUDSON3/workspace/8-2-build-macosx-x86_64/jdk8u25/1514/hotspot/src/share/vm/prims/jvm.cpp, line 1312]
Event: 19.124 Thread 0x00007fc1b393f800 Implicit null exception at 0x00000001105ef02d to 0x00000001105ef101
Event: 19.133 Thread 0x00007fc1b393f800 Implicit null exception at 0x0000000110cb6055 to 0x0000000110cb6101

Events (10 events):
Event: 19.133 Thread 0x00007fc1b393f800 DEOPT UNPACKING pc=0x0000000110234f69 sp=0x00007fff513566c0 mode 2
Event: 19.136 loading class com/sun/javafx/tk/quantum/QuantumRenderer
Event: 19.136 loading class com/sun/javafx/tk/quantum/QuantumRenderer done
Event: 19.137 loading class com/sun/javafx/tk/quantum/QuantumToolkit
Event: 19.137 loading class com/sun/javafx/tk/quantum/QuantumToolkit done
Event: 19.137 Thread 0x00007fc1b3929800 Thread exited: 0x00007fc1b3929800
Event: 19.137 Thread 0x00007fc1b2a51000 Thread exited: 0x00007fc1b2a51000
Event: 19.137 Thread 0x00007fc1b4000000 Thread exited: 0x00007fc1b4000000
Event: 19.138 Thread 0x00007fc1b7c33000 Thread added: 0x00007fc1b7c33000
Event: 19.138 Thread 0x00007fc1b393f800 Thread exited: 0x00007fc1b393f800


Dynamic libraries:
0x0000000006fb4000 	/System/Library/Frameworks/Cocoa.framework/Versions/A/Cocoa
0x0000000006fb4000 	/System/Library/Frameworks/Security.framework/Versions/A/Security
0x0000000006fb4000 	/System/Library/Frameworks/ApplicationServices.framework/Versions/A/ApplicationServices
0x0000000006fb4000 	/usr/lib/libz.1.dylib
0x0000000006fb4000 	/usr/lib/libSystem.B.dylib
0x0000000006fb4000 	/usr/lib/libobjc.A.dylib
0x0000000006fb4000 	/System/Library/Frameworks/CoreFoundation.framework/Versions/A/CoreFoundation
0x0000000006fb4000 	/System/Library/Frameworks/Foundation.framework/Versions/C/Foundation
0x0000000006fb4000 	/System/Library/Frameworks/AppKit.framework/Versions/C/AppKit
0x0000000006fb4000 	/System/Library/Frameworks/CoreData.framework/Versions/A/CoreData
0x0000000006fb4000 	/System/Library/PrivateFrameworks/RemoteViewServices.framework/Versions/A/RemoteViewServices
0x0000000006fb4000 	/System/Library/PrivateFrameworks/UIFoundation.framework/Versions/A/UIFoundation
0x0000000006fb4000 	/System/Library/Frameworks/IOSurface.framework/Versions/A/IOSurface
0x0000000006fb4000 	/System/Library/Frameworks/AudioToolbox.framework/Versions/A/AudioToolbox
0x0000000006fb4000 	/System/Library/Frameworks/AudioUnit.framework/Versions/A/AudioUnit
0x0000000006fb4000 	/System/Library/PrivateFrameworks/DataDetectorsCore.framework/Versions/A/DataDetectorsCore
0x0000000006fb4000 	/System/Library/PrivateFrameworks/DesktopServicesPriv.framework/Versions/A/DesktopServicesPriv
0x0000000006fb4000 	/System/Library/Frameworks/Carbon.framework/Versions/A/Frameworks/HIToolbox.framework/Versions/A/HIToolbox
0x0000000006fb4000 	/System/Library/Frameworks/QuartzCore.framework/Versions/A/QuartzCore
0x0000000006fb4000 	/System/Library/Frameworks/Carbon.framework/Versions/A/Frameworks/SpeechRecognition.framework/Versions/A/SpeechRecognition
0x0000000006fb4000 	/usr/lib/libauto.dylib
0x0000000006fb4000 	/usr/lib/libicucore.A.dylib
0x0000000006fb4000 	/usr/lib/libxml2.2.dylib
0x0000000006fb4000 	/System/Library/PrivateFrameworks/CoreUI.framework/Versions/A/CoreUI
0x0000000006fb4000 	/System/Library/Frameworks/CoreAudio.framework/Versions/A/CoreAudio
0x0000000006fb4000 	/System/Library/Frameworks/DiskArbitration.framework/Versions/A/DiskArbitration
0x0000000006fb4000 	/usr/lib/liblangid.dylib
0x0000000006fb4000 	/System/Library/PrivateFrameworks/MultitouchSupport.framework/Versions/A/MultitouchSupport
0x0000000006fb4000 	/System/Library/Frameworks/IOKit.framework/Versions/A/IOKit
0x0000000006fb4000 	/usr/lib/libDiagnosticMessagesClient.dylib
0x0000000006fb4000 	/System/Library/Frameworks/CoreServices.framework/Versions/A/CoreServices
0x0000000006fb4000 	/System/Library/PrivateFrameworks/PerformanceAnalysis.framework/Versions/A/PerformanceAnalysis
0x0000000006fb4000 	/System/Library/PrivateFrameworks/GenerationalStorage.framework/Versions/A/GenerationalStorage
0x0000000006fb4000 	/System/Library/Frameworks/OpenGL.framework/Versions/A/OpenGL
0x0000000006fb4000 	/System/Library/PrivateFrameworks/Sharing.framework/Versions/A/Sharing
0x0000000006fb4000 	/System/Library/Frameworks/CoreGraphics.framework/Versions/A/CoreGraphics
0x0000000006fb4000 	/System/Library/Frameworks/CoreText.framework/Versions/A/CoreText
0x0000000006fb4000 	/System/Library/Frameworks/ImageIO.framework/Versions/A/ImageIO
0x0000000006fb4000 	/usr/lib/libextension.dylib
0x0000000006fb4000 	/System/Library/PrivateFrameworks/Backup.framework/Versions/A/Backup
0x0000000006fb4000 	/usr/lib/libarchive.2.dylib
0x0000000006fb4000 	/System/Library/Frameworks/CFNetwork.framework/Versions/A/CFNetwork
0x0000000006fb4000 	/System/Library/Frameworks/SystemConfiguration.framework/Versions/A/SystemConfiguration
0x0000000006fb4000 	/usr/lib/libCRFSuite.dylib
0x0000000006fb4000 	/usr/lib/libc++.1.dylib
0x0000000006fb4000 	/usr/lib/libc++abi.dylib
0x0000000006fb4000 	/usr/lib/system/libcache.dylib
0x0000000006fb4000 	/usr/lib/system/libcommonCrypto.dylib
0x0000000006fb4000 	/usr/lib/system/libcompiler_rt.dylib
0x0000000006fb4000 	/usr/lib/system/libcopyfile.dylib
0x0000000006fb4000 	/usr/lib/system/libcorecrypto.dylib
0x0000000006fb4000 	/usr/lib/system/libdispatch.dylib
0x0000000006fb4000 	/usr/lib/system/libdyld.dylib
0x0000000006fb4000 	/usr/lib/system/libkeymgr.dylib
0x0000000006fb4000 	/usr/lib/system/liblaunch.dylib
0x0000000006fb4000 	/usr/lib/system/libmacho.dylib
0x0000000006fb4000 	/usr/lib/system/libquarantine.dylib
0x0000000006fb4000 	/usr/lib/system/libremovefile.dylib
0x0000000006fb4000 	/usr/lib/system/libsystem_asl.dylib
0x0000000006fb4000 	/usr/lib/system/libsystem_blocks.dylib
0x0000000006fb4000 	/usr/lib/system/libsystem_c.dylib
0x0000000006fb4000 	/usr/lib/system/libsystem_configuration.dylib
0x0000000006fb4000 	/usr/lib/system/libsystem_coreservices.dylib
0x0000000006fb4000 	/usr/lib/system/libsystem_coretls.dylib
0x0000000006fb4000 	/usr/lib/system/libsystem_dnssd.dylib
0x0000000006fb4000 	/usr/lib/system/libsystem_info.dylib
0x0000000006fb4000 	/usr/lib/system/libsystem_kernel.dylib
0x0000000006fb4000 	/usr/lib/system/libsystem_m.dylib
0x0000000006fb4000 	/usr/lib/system/libsystem_malloc.dylib
0x0000000006fb4000 	/usr/lib/system/libsystem_network.dylib
0x0000000006fb4000 	/usr/lib/system/libsystem_networkextension.dylib
0x0000000006fb4000 	/usr/lib/system/libsystem_notify.dylib
0x0000000006fb4000 	/usr/lib/system/libsystem_platform.dylib
0x0000000006fb4000 	/usr/lib/system/libsystem_pthread.dylib
0x0000000006fb4000 	/usr/lib/system/libsystem_sandbox.dylib
0x0000000006fb4000 	/usr/lib/system/libsystem_secinit.dylib
0x0000000006fb4000 	/usr/lib/system/libsystem_stats.dylib
0x0000000006fb4000 	/usr/lib/system/libsystem_trace.dylib
0x0000000006fb4000 	/usr/lib/system/libunc.dylib
0x0000000006fb4000 	/usr/lib/system/libunwind.dylib
0x0000000006fb4000 	/usr/lib/system/libxpc.dylib
0x0000000006fb4000 	/usr/lib/libbz2.1.0.dylib
0x0000000006fb4000 	/usr/lib/liblzma.5.dylib
0x0000000006fb4000 	/usr/lib/libbsm.0.dylib
0x0000000006fb4000 	/usr/lib/libsqlite3.dylib
0x0000000006fb4000 	/usr/lib/system/libkxld.dylib
0x0000000006fb4000 	/usr/lib/libxar.1.dylib
0x0000000006fb4000 	/usr/lib/libpam.2.dylib
0x0000000006fb4000 	/usr/lib/libOpenScriptingUtil.dylib
0x0000000006fb4000 	/System/Library/Frameworks/CoreServices.framework/Versions/A/Frameworks/FSEvents.framework/Versions/A/FSEvents
0x0000000006fb4000 	/System/Library/Frameworks/CoreServices.framework/Versions/A/Frameworks/CarbonCore.framework/Versions/A/CarbonCore
0x0000000006fb4000 	/System/Library/Frameworks/CoreServices.framework/Versions/A/Frameworks/Metadata.framework/Versions/A/Metadata
0x0000000006fb4000 	/System/Library/Frameworks/CoreServices.framework/Versions/A/Frameworks/OSServices.framework/Versions/A/OSServices
0x0000000006fb4000 	/System/Library/Frameworks/CoreServices.framework/Versions/A/Frameworks/SearchKit.framework/Versions/A/SearchKit
0x0000000006fb4000 	/System/Library/Frameworks/CoreServices.framework/Versions/A/Frameworks/AE.framework/Versions/A/AE
0x0000000006fb4000 	/System/Library/Frameworks/CoreServices.framework/Versions/A/Frameworks/LaunchServices.framework/Versions/A/LaunchServices
0x0000000006fb4000 	/System/Library/Frameworks/CoreServices.framework/Versions/A/Frameworks/DictionaryServices.framework/Versions/A/DictionaryServices
0x0000000006fb4000 	/System/Library/Frameworks/NetFS.framework/Versions/A/NetFS
0x0000000006fb4000 	/System/Library/PrivateFrameworks/NetAuth.framework/Versions/A/NetAuth
0x0000000006fb4000 	/System/Library/PrivateFrameworks/login.framework/Versions/A/Frameworks/loginsupport.framework/Versions/A/loginsupport
0x0000000006fb4000 	/System/Library/PrivateFrameworks/TCC.framework/Versions/A/TCC
0x0000000006fb4000 	/usr/lib/libmecabra.dylib
0x0000000006fb4000 	/System/Library/PrivateFrameworks/LanguageModeling.framework/Versions/A/LanguageModeling
0x0000000006fb4000 	/usr/lib/libcmph.dylib
0x0000000006fb4000 	/usr/lib/libiconv.2.dylib
0x0000000006fb4000 	/System/Library/Frameworks/OpenDirectory.framework/Versions/A/Frameworks/CFOpenDirectory.framework/Versions/A/CFOpenDirectory
0x0000000006fb4000 	/System/Library/Frameworks/ServiceManagement.framework/Versions/A/ServiceManagement
0x0000000006fb4000 	/usr/lib/libxslt.1.dylib
0x0000000006fb4000 	/System/Library/Frameworks/Carbon.framework/Versions/A/Frameworks/Ink.framework/Versions/A/Ink
0x0000000006fb4000 	/System/Library/Frameworks/ApplicationServices.framework/Versions/A/Frameworks/ATS.framework/Versions/A/ATS
0x0000000006fb4000 	/System/Library/Frameworks/ApplicationServices.framework/Versions/A/Frameworks/ColorSync.framework/Versions/A/ColorSync
0x0000000006fb4000 	/System/Library/Frameworks/ApplicationServices.framework/Versions/A/Frameworks/HIServices.framework/Versions/A/HIServices
0x0000000006fb4000 	/System/Library/Frameworks/ApplicationServices.framework/Versions/A/Frameworks/LangAnalysis.framework/Versions/A/LangAnalysis
0x0000000006fb4000 	/System/Library/Frameworks/ApplicationServices.framework/Versions/A/Frameworks/PrintCore.framework/Versions/A/PrintCore
0x0000000006fb4000 	/System/Library/Frameworks/ApplicationServices.framework/Versions/A/Frameworks/QD.framework/Versions/A/QD
0x0000000006fb4000 	/System/Library/Frameworks/ApplicationServices.framework/Versions/A/Frameworks/SpeechSynthesis.framework/Versions/A/SpeechSynthesis
0x0000000006fb4000 	/System/Library/Frameworks/Accelerate.framework/Versions/A/Accelerate
0x0000000006fb4000 	/System/Library/Frameworks/Accelerate.framework/Versions/A/Frameworks/vImage.framework/Versions/A/vImage
0x0000000006fb4000 	/System/Library/Frameworks/Accelerate.framework/Versions/A/Frameworks/vecLib.framework/Versions/A/vecLib
0x0000000006fb4000 	/System/Library/Frameworks/Accelerate.framework/Versions/A/Frameworks/vecLib.framework/Versions/A/libvDSP.dylib
0x0000000006fb4000 	/System/Library/Frameworks/Accelerate.framework/Versions/A/Frameworks/vecLib.framework/Versions/A/libvMisc.dylib
0x0000000006fb4000 	/System/Library/Frameworks/Accelerate.framework/Versions/A/Frameworks/vecLib.framework/Versions/A/libLAPACK.dylib
0x0000000006fb4000 	/System/Library/Frameworks/Accelerate.framework/Versions/A/Frameworks/vecLib.framework/Versions/A/libBLAS.dylib
0x0000000006fb4000 	/System/Library/Frameworks/Accelerate.framework/Versions/A/Frameworks/vecLib.framework/Versions/A/libLinearAlgebra.dylib
0x0000000006fb4000 	/System/Library/Frameworks/ApplicationServices.framework/Versions/A/Frameworks/ATS.framework/Versions/A/Resources/libFontParser.dylib
0x0000000006fb4000 	/System/Library/Frameworks/ApplicationServices.framework/Versions/A/Frameworks/ATS.framework/Versions/A/Resources/libFontRegistry.dylib
0x0000000006fb4000 	/System/Library/PrivateFrameworks/AppleVPA.framework/Versions/A/AppleVPA
0x0000000006fb4000 	/System/Library/PrivateFrameworks/AppleJPEG.framework/Versions/A/AppleJPEG
0x0000000006fb4000 	/System/Library/Frameworks/ImageIO.framework/Versions/A/Resources/libJPEG.dylib
0x0000000006fb4000 	/System/Library/Frameworks/ImageIO.framework/Versions/A/Resources/libTIFF.dylib
0x0000000006fb4000 	/System/Library/Frameworks/ImageIO.framework/Versions/A/Resources/libPng.dylib
0x0000000006fb4000 	/System/Library/Frameworks/ImageIO.framework/Versions/A/Resources/libGIF.dylib
0x0000000006fb4000 	/System/Library/Frameworks/ImageIO.framework/Versions/A/Resources/libJP2.dylib
0x0000000006fb4000 	/System/Library/Frameworks/ImageIO.framework/Versions/A/Resources/libRadiance.dylib
0x0000000006fb4000 	/System/Library/Frameworks/CoreVideo.framework/Versions/A/CoreVideo
0x0000000006fb4000 	/System/Library/Frameworks/OpenGL.framework/Versions/A/Libraries/libGLU.dylib
0x0000000006fb4000 	/System/Library/Frameworks/OpenGL.framework/Versions/A/Libraries/libGFXShared.dylib
0x0000000006fb4000 	/System/Library/Frameworks/OpenGL.framework/Versions/A/Libraries/libGL.dylib
0x0000000006fb4000 	/System/Library/Frameworks/OpenGL.framework/Versions/A/Libraries/libGLImage.dylib
0x0000000006fb4000 	/System/Library/Frameworks/OpenGL.framework/Versions/A/Libraries/libCVMSPluginSupport.dylib
0x0000000006fb4000 	/System/Library/Frameworks/OpenGL.framework/Versions/A/Libraries/libCoreVMClient.dylib
0x0000000006fb4000 	/usr/lib/libcups.2.dylib
0x0000000006fb4000 	/System/Library/Frameworks/Kerberos.framework/Versions/A/Kerberos
0x0000000006fb4000 	/System/Library/Frameworks/GSS.framework/Versions/A/GSS
0x0000000006fb4000 	/usr/lib/libresolv.9.dylib
0x0000000006fb4000 	/System/Library/PrivateFrameworks/Heimdal.framework/Versions/A/Heimdal
0x0000000006fb4000 	/usr/lib/libheimdal-asn1.dylib
0x0000000006fb4000 	/System/Library/Frameworks/OpenDirectory.framework/Versions/A/OpenDirectory
0x0000000006fb4000 	/System/Library/PrivateFrameworks/CommonAuth.framework/Versions/A/CommonAuth
0x0000000006fb4000 	/System/Library/Frameworks/SecurityFoundation.framework/Versions/A/SecurityFoundation
0x0000000006fb4000 	/System/Library/Frameworks/QuartzCore.framework/Versions/A/Frameworks/CoreImage.framework/Versions/A/CoreImage
0x0000000006fb4000 	/System/Library/PrivateFrameworks/CrashReporterSupport.framework/Versions/A/CrashReporterSupport
0x0000000006fb4000 	/System/Library/Frameworks/OpenCL.framework/Versions/A/OpenCL
0x0000000006fb4000 	/System/Library/PrivateFrameworks/FaceCore.framework/Versions/A/FaceCore
0x0000000006fb4000 	/System/Library/PrivateFrameworks/Ubiquity.framework/Versions/A/Ubiquity
0x0000000006fb4000 	/System/Library/PrivateFrameworks/IconServices.framework/Versions/A/IconServices
0x0000000006fb4000 	/System/Library/PrivateFrameworks/ChunkingLibrary.framework/Versions/A/ChunkingLibrary
0x0000000006fb4000 	/System/Library/PrivateFrameworks/Apple80211.framework/Versions/A/Apple80211
0x0000000006fb4000 	/System/Library/Frameworks/CoreWLAN.framework/Versions/A/CoreWLAN
0x0000000006fb4000 	/System/Library/Frameworks/IOBluetooth.framework/Versions/A/IOBluetooth
0x0000000006fb4000 	/System/Library/PrivateFrameworks/CoreWiFi.framework/Versions/A/CoreWiFi
0x0000000006fb4000 	/System/Library/Frameworks/CoreBluetooth.framework/Versions/A/CoreBluetooth
0x0000000006fb4000 	/System/Library/PrivateFrameworks/DebugSymbols.framework/Versions/A/DebugSymbols
0x0000000006fb4000 	/System/Library/PrivateFrameworks/CoreSymbolication.framework/Versions/A/CoreSymbolication
0x0000000006fb4000 	/System/Library/PrivateFrameworks/Symbolication.framework/Versions/A/Symbolication
0x0000000006fb4000 	/System/Library/PrivateFrameworks/SpeechRecognitionCore.framework/Versions/A/SpeechRecognitionCore
0x000000010f200000 	/Library/Java/JavaVirtualMachines/jdk1.8.0_25.jdk/Contents/Home/jre/lib/server/libjvm.dylib
0x0000000006fb4000 	/usr/lib/libstdc++.6.dylib
0x000000010e9b7000 	/Library/Java/JavaVirtualMachines/jdk1.8.0_25.jdk/Contents/Home/jre/lib/libverify.dylib
0x000000010e9c5000 	/Library/Java/JavaVirtualMachines/jdk1.8.0_25.jdk/Contents/Home/jre/lib/libjava.dylib
0x0000000110227000 	/Library/Java/JavaVirtualMachines/jdk1.8.0_25.jdk/Contents/Home/jre/lib/libzip.dylib
0x00000001262a4000 	/System/Library/Frameworks/JavaVM.framework/Frameworks/JavaRuntimeSupport.framework/JavaRuntimeSupport
0x00000001262bc000 	/System/Library/Frameworks/JavaVM.framework/Versions/A/Frameworks/JavaNativeFoundation.framework/Versions/A/JavaNativeFoundation
0x00000001262d1000 	/System/Library/Frameworks/JavaVM.framework/Versions/A/JavaVM
0x0000000006fb4000 	/System/Library/Frameworks/Carbon.framework/Versions/A/Carbon
0x00000001262de000 	/System/Library/PrivateFrameworks/JavaLaunching.framework/Versions/A/JavaLaunching
0x0000000006fb4000 	/System/Library/Frameworks/Carbon.framework/Versions/A/Frameworks/CommonPanels.framework/Versions/A/CommonPanels
0x0000000006fb4000 	/System/Library/Frameworks/Carbon.framework/Versions/A/Frameworks/Help.framework/Versions/A/Help
0x0000000006fb4000 	/System/Library/Frameworks/Carbon.framework/Versions/A/Frameworks/ImageCapture.framework/Versions/A/ImageCapture
0x0000000006fb4000 	/System/Library/Frameworks/Carbon.framework/Versions/A/Frameworks/OpenScripting.framework/Versions/A/OpenScripting
0x0000000006fb4000 	/System/Library/Frameworks/Carbon.framework/Versions/A/Frameworks/Print.framework/Versions/A/Print
0x0000000006fb4000 	/System/Library/Frameworks/Carbon.framework/Versions/A/Frameworks/SecurityHI.framework/Versions/A/SecurityHI
0x00000001282c4000 	/Library/Java/JavaVirtualMachines/jdk1.8.0_25.jdk/Contents/Home/jre/lib/libprism_es2.dylib
0x0000000006fb4000 	/System/Library/Frameworks/OpenGL.framework/Versions/A/Resources/GLEngine.bundle/GLEngine
0x0000000006fb4000 	/System/Library/Frameworks/OpenGL.framework/Versions/A/Libraries/libGLProgrammability.dylib
0x0000000000000000 	/System/Library/Extensions/AppleIntelHD5000GraphicsGLDriver.bundle/Contents/MacOS/AppleIntelHD5000GraphicsGLDriver
0x0000000006fb4000 	/System/Library/PrivateFrameworks/IOAccelerator.framework/Versions/A/IOAccelerator
0x0000000006fb4000 	/System/Library/PrivateFrameworks/GPUSupport.framework/Versions/A/Libraries/libGPUSupportMercury.dylib
0x0000000006fb4000 	/System/Library/Frameworks/OpenGL.framework/Versions/A/Resources/GLRendererFloat.bundle/GLRendererFloat
0x0000000006fb4000 	/System/Library/Frameworks/OpenCL.framework/Versions/A/Libraries/libcldcpuengine.dylib
0x0000000006fb4000 	/System/Library/PrivateFrameworks/DiskImages.framework/Versions/A/DiskImages
0x0000000006fb4000 	/System/Library/Frameworks/DiscRecording.framework/Versions/A/DiscRecording
0x0000000006fb4000 	/usr/lib/libcsfde.dylib
0x0000000006fb4000 	/usr/lib/libcurl.4.dylib
0x0000000006fb4000 	/System/Library/PrivateFrameworks/MediaKit.framework/Versions/A/MediaKit
0x0000000006fb4000 	/System/Library/PrivateFrameworks/ProtectedCloudStorage.framework/Versions/A/ProtectedCloudStorage
0x0000000006fb4000 	/usr/lib/libCoreStorage.dylib
0x0000000006fb4000 	/System/Library/PrivateFrameworks/EFILogin.framework/Versions/A/EFILogin
0x0000000006fb4000 	/usr/lib/libutil.dylib
0x0000000006fb4000 	/System/Library/PrivateFrameworks/FindMyDevice.framework/Versions/A/FindMyDevice
0x0000000006fb4000 	/System/Library/Frameworks/LDAP.framework/Versions/A/LDAP
0x0000000006fb4000 	/usr/lib/libsasl2.2.dylib
0x0000000006fb4000 	/System/Library/PrivateFrameworks/CoreDaemon.framework/Versions/B/CoreDaemon
0x0000000006fb4000 	/usr/lib/libcrypto.0.9.8.dylib
0x0000000006fb4000 	/System/Library/PrivateFrameworks/AppleSRP.framework/Versions/A/AppleSRP
0x0000000006fb4000 	/System/Library/PrivateFrameworks/TrustEvaluationAgent.framework/Versions/A/TrustEvaluationAgent
0x0000000128771000 	/Library/Java/JavaVirtualMachines/jdk1.8.0_25.jdk/Contents/Home/jre/lib/libglass.dylib
0x0000000006fb4000 	/System/Library/PrivateFrameworks/CoreServicesInternal.framework/Versions/A/CoreServicesInternal
0x0000000006fb4000 	/System/Library/PrivateFrameworks/CloudDocs.framework/Versions/A/CloudDocs
0x0000000006fb4000 	/System/Library/PrivateFrameworks/CoreDuet.framework/Versions/A/CoreDuet
0x0000000006fb4000 	/System/Library/Frameworks/CloudKit.framework/Versions/A/CloudKit
0x0000000006fb4000 	/System/Library/PrivateFrameworks/ProtocolBuffer.framework/Versions/A/ProtocolBuffer
0x0000000006fb4000 	/System/Library/PrivateFrameworks/CoreDuetDaemonProtocol.framework/Versions/A/CoreDuetDaemonProtocol
0x0000000006fb4000 	/System/Library/PrivateFrameworks/CoreDuetDebugLogging.framework/Versions/A/CoreDuetDebugLogging
0x0000000006fb4000 	/System/Library/Frameworks/CoreLocation.framework/Versions/A/CoreLocation
0x0000000006fb4000 	/System/Library/Frameworks/Accounts.framework/Versions/A/Accounts
0x0000000006fb4000 	/System/Library/PrivateFrameworks/ApplePushService.framework/Versions/A/ApplePushService
0x0000000006fb4000 	/System/Library/PrivateFrameworks/GeoServices.framework/Versions/A/GeoServices
0x0000000006fb4000 	/System/Library/PrivateFrameworks/OAuth.framework/Versions/A/OAuth
0x0000000006fb4000 	/System/Library/Frameworks/CoreGraphics.framework/Versions/A/Resources/libCGCMS.A.dylib
0x0000000006fb4000 	/System/Library/CoreServices/RawCamera.bundle/Contents/MacOS/RawCamera
0x0000000006fb4000 	/System/Library/Frameworks/CoreGraphics.framework/Versions/A/Resources/libRIP.A.dylib
0x0000000006fb4000 	/System/Library/PrivateFrameworks/FamilyControls.framework/Versions/A/FamilyControls
0x0000000006fb4000 	/System/Library/PrivateFrameworks/CommerceKit.framework/Versions/A/Frameworks/CommerceCore.framework/Versions/A/CommerceCore
0x0000000006fb4000 	/System/Library/PrivateFrameworks/SystemAdministration.framework/Versions/A/SystemAdministration
0x0000000006fb4000 	/System/Library/PrivateFrameworks/AppContainer.framework/Versions/A/AppContainer
0x0000000006fb4000 	/System/Library/PrivateFrameworks/SecCodeWrapper.framework/Versions/A/SecCodeWrapper
0x0000000006fb4000 	/System/Library/Frameworks/DirectoryService.framework/Versions/A/DirectoryService
0x0000000006fb4000 	/System/Library/PrivateFrameworks/LoginUIKit.framework/Versions/A/Frameworks/LoginUICore.framework/Versions/A/LoginUICore
0x0000000006fb4000 	/usr/lib/libodfde.dylib
0x000000012ce4f000 	/Library/Java/JavaVirtualMachines/jdk1.8.0_25.jdk/Contents/Home/jre/lib/libjavafx_font.dylib
0x000000012c97f000 	/Library/Java/JavaVirtualMachines/jdk1.8.0_25.jdk/Contents/Home/jre/lib/libnio.dylib
0x000000012c98f000 	/Library/Java/JavaVirtualMachines/jdk1.8.0_25.jdk/Contents/Home/jre/lib/./libnet.dylib
0x0000000006fb4000 	/System/Library/Frameworks/CoreGraphics.framework/Versions/A/Resources/libCGXType.A.dylib
0x000000012a249000 	/Library/Java/JavaVirtualMachines/jdk1.8.0_25.jdk/Contents/Home/jre/lib/libsunec.dylib
0x000000012a2d1000 	/Library/Java/JavaVirtualMachines/jdk1.8.0_25.jdk/Contents/Home/jre/lib/libprism_common.dylib
0x000000012c979000 	cl_kernels
0x0000000134b8f000 	/System/Library/Frameworks/OpenCL.framework/Versions/A/Libraries/ImageFormats/unorm8_bgra.dylib
0x000000012d123000 	cl_kernels
0x0000000131143000 	/Library/Java/JavaVirtualMachines/jdk1.8.0_25.jdk/Contents/Home/jre/lib/libawt.dylib
0x0000000136599000 	/Library/Java/JavaVirtualMachines/jdk1.8.0_25.jdk/Contents/Home/jre/lib/./libmlib_image.dylib
0x0000000136665000 	/Library/Java/JavaVirtualMachines/jdk1.8.0_25.jdk/Contents/Home/jre/lib/libawt_lwawt.dylib
0x000000012a080000 	/Library/Java/JavaVirtualMachines/jdk1.8.0_25.jdk/Contents/Home/jre/lib/./libosxapp.dylib
0x0000000006fb4000 	/System/Library/Frameworks/ExceptionHandling.framework/Versions/A/ExceptionHandling
0x0000000131748000 	/Library/Java/JavaVirtualMachines/jdk1.8.0_25.jdk/Contents/Home/jre/lib/libfontmanager.dylib
0x000000012ce6e000 	/Library/Java/JavaVirtualMachines/jdk1.8.0_25.jdk/Contents/Home/jre/lib/libosxui.dylib
0x000000012d318000 	/private/var/folders/2f/v9n24_kx24x34yv66y9xqn0r0000gn/T/BridJExtractedLibraries2963837928146444765/libbridj.dylib
0x000000012cea0000 	/var/folders/2f/v9n24_kx24x34yv66y9xqn0r0000gn/T/BridJExtractedLibraries2963837928146444765/libOpenIMAJGrabber.dylib
0x0000000006fb4000 	/System/Library/Frameworks/QTKit.framework/Versions/A/QTKit
0x0000000006fb4000 	/System/Library/Frameworks/AVFoundation.framework/Versions/A/AVFoundation
0x0000000006fb4000 	/System/Library/Frameworks/CoreMedia.framework/Versions/A/CoreMedia
0x0000000006fb4000 	/System/Library/Frameworks/MediaToolbox.framework/Versions/A/MediaToolbox
0x0000000006fb4000 	/System/Library/Frameworks/VideoToolbox.framework/Versions/A/VideoToolbox
0x0000000006fb4000 	/System/Library/PrivateFrameworks/CoreMediaAuthoring.framework/Versions/A/CoreMediaAuthoring
0x0000000006fb4000 	/System/Library/Frameworks/CoreMediaIO.framework/Versions/A/CoreMediaIO
0x0000000006fb4000 	/System/Library/Frameworks/AVFoundation.framework/Versions/A/Resources/libAVFAudio.dylib
0x0000000006fb4000 	/System/Library/PrivateFrameworks/MediaControlSender.framework/Versions/A/MediaControlSender
0x0000000006fb4000 	/System/Library/PrivateFrameworks/CoreAVCHD.framework/Versions/A/CoreAVCHD
0x0000000006fb4000 	/System/Library/Frameworks/MediaAccessibility.framework/Versions/A/MediaAccessibility
0x0000000006fb4000 	/System/Library/PrivateFrameworks/Mangrove.framework/Versions/A/Mangrove
0x0000000006fb4000 	/System/Library/PrivateFrameworks/CoreAUC.framework/Versions/A/CoreAUC
0x0000000006fb4000 	/System/Library/PrivateFrameworks/NetworkStatistics.framework/Versions/A/NetworkStatistics
0x0000000006fb4000 	/System/Library/PrivateFrameworks/AirPlaySupport.framework/Versions/A/AirPlaySupport
0x0000000006fb4000 	/System/Library/PrivateFrameworks/CoreUtils.framework/Versions/A/CoreUtils
0x0000000006fb4000 	/System/Library/PrivateFrameworks/AppleVA.framework/Versions/A/AppleVA
0x0000000006fb4000 	/System/Library/PrivateFrameworks/XPCService.framework/Versions/A/XPCService
0x0000000006fb4000 	/System/Library/PrivateFrameworks/AppSandbox.framework/Versions/A/AppSandbox
0x0000000006fb4000 	/usr/lib/libsandbox.1.dylib
0x0000000006fb4000 	/usr/lib/libMatch.1.dylib
0x000000012ceac000 	/System/Library/Extensions/AppleHDA.kext/Contents/PlugIns/AppleHDAHALPlugIn.bundle/Contents/MacOS/AppleHDAHALPlugIn
0x00000001317af000 	/Library/CoreMediaIO/Plug-Ins/DAL/AppleCamera.plugin/Contents/MacOS/AppleCamera
0x0000000138fa1000 	/System/Library/Frameworks/CoreMediaIO.framework/Resources/CMIOUnits.bundle/Contents/MacOS/CMIOUnits
0x00000001319eb000 	/System/Library/PrivateFrameworks/FWAVC.framework/Versions/A/FWAVC
0x0000000139438000 	/System/Library/PrivateFrameworks/AppleGVA.framework/AppleGVA
0x0000000137099000 	/Library/Java/JavaVirtualMachines/jdk1.8.0_25.jdk/Contents/Home/jre/lib/libdcpr.dylib

VM Arguments:
jvm_args: -Dfile.encoding=UTF-8 
java_command: wallettemplate.Main
java_class_path (initial): /Users/alonmuroch/Documents/workspace_java/BitcoinAuthWallet/target/classes:/Users/alonmuroch/.m2/repository/eu/hansolo/enzo/Enzo/0.1/Enzo-0.1.jar:/Users/alonmuroch/.m2/repository/org/codehaus/izpack/izpack-standalone-compiler/4.3.5/izpack-standalone-compiler-4.3.5.jar:/Users/alonmuroch/.m2/repository/com/google/zxing/javase/2.1/javase-2.1.jar:/Users/alonmuroch/.m2/repository/com/google/zxing/core/2.1/core-2.1.jar:/Users/alonmuroch/.m2/repository/net/glxn/qrgen/1.3/qrgen-1.3.jar:/Users/alonmuroch/.m2/repository/org/bitcoinj/bitcoinj-core/0.12/bitcoinj-core-0.12.jar:/Users/alonmuroch/.m2/repository/com/madgag/spongycastle/core/1.51.0.0/core-1.51.0.0.jar:/Users/alonmuroch/.m2/repository/com/google/protobuf/protobuf-java/2.5.0/protobuf-java-2.5.0.jar:/Users/alonmuroch/.m2/repository/com/google/code/findbugs/jsr305/2.0.1/jsr305-2.0.1.jar:/Users/alonmuroch/.m2/repository/net/jcip/jcip-annotations/1.0/jcip-annotations-1.0.jar:/Users/alonmuroch/.m2/repository/com/lambdaworks/scrypt/1.4.0/scrypt-1.4.0.jar:/Users/alonmuroch/.m2/repository/org/bitcoinj/orchid/1.0/orchid-1.0.jar:/Users/alonmuroch/.m2/repository/org/slf4j/slf4j-api/1.7.6/slf4j-api-1.7.6.jar:/Users/alonmuroch/.m2/repository/com/github/sarxos/webcam-capture/0.3.10/webcam-capture-0.3.10.jar:/Users/alonmuroch/.m2/repository/com/nativelibs4java/bridj/0.6.2/bridj-0.6.2.jar:/Users/alonmuroch/.m2/repository/org/bitlet/weupnp/0.1.3-SNAPSHOT/weupnp-0.1.3-SNAPSHOT.jar:/Users/alonmuroch/.m2/repository/org/slf4j/slf4j-jdk14/1.7.6/slf4j-jdk14-1.7.6.jar:/Users/alonmuroch/.m2/repository/com/google/guava/guava/16.0.1/guava-16.0.1.jar:/Users/alonmuroch/.m2/repository/org/json/json/20080701/json-20080701.jar:/Users/alonmuroch/.m2/repository/com/aquafx-project/aquafx/0.1/aquafx-0.1.jar:/Users/alonmuroch/.m2/repository/de/jensd/fontawesomefx/8.0.8/fontawesomefx-8.0.8.jar:/Users/alonmuroch/.m2/repository/com/google/android/gcm/gcm-server/1.0.2/gcm-server-1.0.2.jar:/Users/alonmuroch/.m2/repository/com/goo
Launcher Type: SUN_STANDARD

Environment Variables:
PATH=/usr/bin:/bin:/usr/sbin:/sbin
SHELL=/bin/bash

Signal Handlers:
SIGSEGV: [libjvm.dylib+0x579dc7], sa_mask[0]=11111111011111110111111111111111, sa_flags=SA_ONSTACK|SA_RESTART|SA_SIGINFO
SIGBUS: [libjvm.dylib+0x579dc7], sa_mask[0]=11111111011111110111111111111111, sa_flags=SA_RESTART|SA_SIGINFO
SIGFPE: [libjvm.dylib+0x45b030], sa_mask[0]=11111111011111110111111111111111, sa_flags=SA_RESTART|SA_SIGINFO
SIGPIPE: [libjvm.dylib+0x45b030], sa_mask[0]=11111111011111110111111111111111, sa_flags=SA_RESTART|SA_SIGINFO
SIGXFSZ: [libjvm.dylib+0x45b030], sa_mask[0]=11111111011111110111111111111111, sa_flags=SA_RESTART|SA_SIGINFO
SIGILL: [libjvm.dylib+0x45b030], sa_mask[0]=11111111011111110111111111111111, sa_flags=SA_RESTART|SA_SIGINFO
SIGUSR1: SIG_DFL, sa_mask[0]=00000000000000000000000000000000, sa_flags=none
SIGUSR2: [libjvm.dylib+0x45ab4e], sa_mask[0]=00100000000000000000000000000000, sa_flags=SA_RESTART|SA_SIGINFO
SIGHUP: [libjvm.dylib+0x459121], sa_mask[0]=11111111011111110111111111111111, sa_flags=SA_RESTART|SA_SIGINFO
SIGINT: [libjvm.dylib+0x459121], sa_mask[0]=11111111011111110111111111111111, sa_flags=SA_RESTART|SA_SIGINFO
SIGTERM: [libjvm.dylib+0x459121], sa_mask[0]=11111111011111110111111111111111, sa_flags=SA_RESTART|SA_SIGINFO
SIGQUIT: [libjvm.dylib+0x459121], sa_mask[0]=11111111011111110111111111111111, sa_flags=SA_RESTART|SA_SIGINFO


---------------  S Y S T E M  ---------------

OS:Bsduname:Darwin 14.0.0 Darwin Kernel Version 14.0.0: Fri Sep 19 00:26:44 PDT 2014; root:xnu-2782.1.97~2/RELEASE_X86_64 x86_64
rlimit: STACK 8192k, CORE 0k, NPROC 709, NOFILE 10240, AS infinity
load average:2.13 1.91 2.08

CPU:total 4 (2 cores per cpu, 2 threads per core) family 6 model 69 stepping 1, cmov, cx8, fxsr, mmx, sse, sse2, sse3, ssse3, sse4.1, sse4.2, popcnt, avx, avx2, aes, clmul, erms, lzcnt, ht, tsc, tscinvbit, bmi1, bmi2

Memory: 4k page, physical 8388608k(26488k free)

/proc/meminfo:


vm_info: Java HotSpot(TM) 64-Bit Server VM (25.25-b02) for bsd-amd64 JRE (1.8.0_25-b17), built on Sep 17 2014 16:56:50 by "java_re" with gcc 4.2.1 (Based on Apple Inc. build 5658) (LLVM build 2336.11.00)

time: Mon Nov  3 13:44:19 2014
elapsed time: 19 seconds (0d 0h 0m 19s)

